<?xml version="1.0" encoding="UTF-8"?>
<!-- Generated by org.testng.reporters.JUnitReportReporter -->
<testsuite skipped="1" hostname="DESKTOP-I2FKUVF" name="testNgLearning.ThreeTestDependencies" tests="1" failures="0" timestamp="08 Jul 2018 05:10:48 GMT" time="0.000" errors="0">
  <testcase name="isSkip" time="0.000" classname="testNgLearning.ThreeTestDependencies">
    <skipped/>
  </testcase> <!-- isSkip -->
</testsuite> <!-- testNgLearning.ThreeTestDependencies -->
