<?xml version="1.0" encoding="UTF-8"?>
<!-- Generated by org.testng.reporters.JUnitReportReporter -->
<testsuite skipped="0" hostname="DESKTOP-I2FKUVF" name="testNgLearning.OneLoginTest" tests="3" failures="0" timestamp="08 Jul 2018 05:17:24 GMT" time="0.000" errors="0">
  <testcase name="doLogin" time="0.000" classname="testNgLearning.OneLoginTest"/>
  <testcase name="composeEmail" time="0.000" classname="testNgLearning.OneLoginTest"/>
  <testcase name="checkinbox" time="0.000" classname="testNgLearning.OneLoginTest"/>
</testsuite> <!-- testNgLearning.OneLoginTest -->
